
*** Running vivado
    with args -log design_1_axi_gpio_0_5.vds -m64 -product Vivado -mode batch -messageDb vivado.pb -notrace -source design_1_axi_gpio_0_5.tcl



****** Vivado v2024.1 (64-bit)
  **** SW Build 5076996 on Wed May 22 18:37:14 MDT 2024
  **** IP Build 5075265 on Wed May 22 21:45:21 MDT 2024
  **** SharedData Build 5076995 on Wed May 22 18:29:18 MDT 2024
  **** Start of session at: Sat Nov 30 13:58:30 2024
    ** Copyright 1986-2022 Xilinx, Inc. All Rights Reserved.
    ** Copyright 2022-2024 Advanced Micro Devices, Inc. All Rights Reserved.

source design_1_axi_gpio_0_5.tcl -notrace
create_project: Time (s): cpu = 00:00:04 ; elapsed = 00:00:16 . Memory (MB): peak = 514.227 ; gain = 200.629
INFO: [IP_Flow 19-6924] IPCACHE: Running cache check for IP inst: design_1_axi_gpio_0_5
INFO: [IP_Flow 19-6922] IPCACHE: Exporting cached entry 980b279625d64375 to dir: D:/lab_10_tema/lab_10_tema.runs/design_1_axi_gpio_0_5_synth_1
INFO: [IP_Flow 19-6928] IPCACHE: copied cached file d:/lab_10_tema/lab_10_tema.cache/ip/2024.1/9/8/980b279625d64375/design_1_axi_gpio_0_1.dcp to D:/lab_10_tema/lab_10_tema.runs/design_1_axi_gpio_0_5_synth_1/design_1_axi_gpio_0_5.dcp.
INFO: [IP_Flow 19-6928] IPCACHE: copied cached file d:/lab_10_tema/lab_10_tema.cache/ip/2024.1/9/8/980b279625d64375/design_1_axi_gpio_0_1_sim_netlist.v to D:/lab_10_tema/lab_10_tema.runs/design_1_axi_gpio_0_5_synth_1/design_1_axi_gpio_0_5_sim_netlist.v.
INFO: [IP_Flow 19-6928] IPCACHE: copied cached file d:/lab_10_tema/lab_10_tema.cache/ip/2024.1/9/8/980b279625d64375/design_1_axi_gpio_0_1_sim_netlist.vhdl to D:/lab_10_tema/lab_10_tema.runs/design_1_axi_gpio_0_5_synth_1/design_1_axi_gpio_0_5_sim_netlist.vhdl.
INFO: [IP_Flow 19-6928] IPCACHE: copied cached file d:/lab_10_tema/lab_10_tema.cache/ip/2024.1/9/8/980b279625d64375/design_1_axi_gpio_0_1_stub.v to D:/lab_10_tema/lab_10_tema.runs/design_1_axi_gpio_0_5_synth_1/design_1_axi_gpio_0_5_stub.v.
INFO: [IP_Flow 19-6928] IPCACHE: copied cached file d:/lab_10_tema/lab_10_tema.cache/ip/2024.1/9/8/980b279625d64375/design_1_axi_gpio_0_1_stub.vhdl to D:/lab_10_tema/lab_10_tema.runs/design_1_axi_gpio_0_5_synth_1/design_1_axi_gpio_0_5_stub.vhdl.
INFO: [IP_Flow 19-4838] Using cached IP synthesis design for IP design_1_axi_gpio_0_5, cache-ID = 980b279625d64375.
INFO: [Common 17-206] Exiting Vivado at Sat Nov 30 13:58:54 2024...
