
*** Running vivado
    with args -log CSA_CLA.vds -m64 -product Vivado -mode batch -messageDb vivado.pb -notrace -source CSA_CLA.tcl



****** Vivado v2024.1 (64-bit)
  **** SW Build 5076996 on Wed May 22 18:37:14 MDT 2024
  **** IP Build 5075265 on Wed May 22 21:45:21 MDT 2024
  **** SharedData Build 5076995 on Wed May 22 18:29:18 MDT 2024
  **** Start of session at: Mon Nov  4 15:43:15 2024
    ** Copyright 1986-2022 Xilinx, Inc. All Rights Reserved.
    ** Copyright 2022-2024 Advanced Micro Devices, Inc. All Rights Reserved.

source CSA_CLA.tcl -notrace
create_project: Time (s): cpu = 00:00:03 ; elapsed = 00:00:08 . Memory (MB): peak = 513.988 ; gain = 198.109
Command: read_checkpoint -auto_incremental -incremental D:/Zybo_CSA_CLA/Zybo_CSA_CLA.srcs/utils_1/imports/synth_1/CSA_CLA.dcp
INFO: [Vivado 12-5825] Read reference checkpoint from D:/Zybo_CSA_CLA/Zybo_CSA_CLA.srcs/utils_1/imports/synth_1/CSA_CLA.dcp for incremental synthesis
INFO: [Vivado 12-7989] Please ensure there are no constraint changes
Command: synth_design -top CSA_CLA -part xc7z020clg400-1
Starting synth_design
Attempting to get a license for feature 'Synthesis' and/or device 'xc7z020'
INFO: [Common 17-349] Got license for feature 'Synthesis' and/or device 'xc7z020'
INFO: [Designutils 20-5440] No compile time benefit to using incremental synthesis; A full resynthesis will be run
INFO: [Designutils 20-4379] Flow is switching to default flow due to incremental criteria not met. If you would like to alter this behaviour and have the flow terminate instead, please set the following parameter config_implementation {autoIncr.Synth.RejectBehavior Terminate}
INFO: [Synth 8-7079] Multithreading enabled for synth_design using a maximum of 2 processes.
INFO: [Synth 8-7078] Launching helper process for spawning children vivado processes
INFO: [Synth 8-7075] Helper process launched with PID 14780
---------------------------------------------------------------------------------
Starting Synthesize : Time (s): cpu = 00:00:03 ; elapsed = 00:00:07 . Memory (MB): peak = 978.133 ; gain = 448.434
---------------------------------------------------------------------------------
INFO: [Synth 8-638] synthesizing module 'CSA_CLA' [D:/Zybo_CSA_CLA/Zybo_CSA_CLA.srcs/sources_1/new/CSA_CLA.vhd:43]
INFO: [Synth 8-3491] module 'carryLookaheadAdder' declared at 'D:/Zybo_CSA_CLA/Zybo_CSA_CLA.srcs/sources_1/new/carryLookaheadAdder.vhd:6' bound to instance 'CLA0' of component 'carryLookaheadAdder' [D:/Zybo_CSA_CLA/Zybo_CSA_CLA.srcs/sources_1/new/CSA_CLA.vhd:56]
INFO: [Synth 8-638] synthesizing module 'carryLookaheadAdder' [D:/Zybo_CSA_CLA/Zybo_CSA_CLA.srcs/sources_1/new/carryLookaheadAdder.vhd:14]
INFO: [Synth 8-3491] module 'FA' declared at 'D:/Zybo_CSA_CLA/Zybo_CSA_CLA.srcs/sources_1/new/FA.vhd:34' bound to instance 'bit0FA' of component 'FA' [D:/Zybo_CSA_CLA/Zybo_CSA_CLA.srcs/sources_1/new/carryLookaheadAdder.vhd:32]
INFO: [Synth 8-638] synthesizing module 'FA' [D:/Zybo_CSA_CLA/Zybo_CSA_CLA.srcs/sources_1/new/FA.vhd:41]
INFO: [Synth 8-256] done synthesizing module 'FA' (0#1) [D:/Zybo_CSA_CLA/Zybo_CSA_CLA.srcs/sources_1/new/FA.vhd:41]
INFO: [Synth 8-3491] module 'FA' declared at 'D:/Zybo_CSA_CLA/Zybo_CSA_CLA.srcs/sources_1/new/FA.vhd:34' bound to instance 'bit1FA' of component 'FA' [D:/Zybo_CSA_CLA/Zybo_CSA_CLA.srcs/sources_1/new/carryLookaheadAdder.vhd:33]
	Parameter data_width bound to: 1 - type: integer 
INFO: [Synth 8-3491] module 'CarryBlock' declared at 'D:/Zybo_CSA_CLA/Zybo_CSA_CLA.srcs/sources_1/new/CarryBlock.vhd:6' bound to instance 'bit0CarryBlock' of component 'CarryBlock' [D:/Zybo_CSA_CLA/Zybo_CSA_CLA.srcs/sources_1/new/carryLookaheadAdder.vhd:37]
INFO: [Synth 8-638] synthesizing module 'CarryBlock' [D:/Zybo_CSA_CLA/Zybo_CSA_CLA.srcs/sources_1/new/CarryBlock.vhd:14]
	Parameter data_width bound to: 1 - type: integer 
INFO: [Synth 8-256] done synthesizing module 'CarryBlock' (0#1) [D:/Zybo_CSA_CLA/Zybo_CSA_CLA.srcs/sources_1/new/CarryBlock.vhd:14]
	Parameter data_width bound to: 2 - type: integer 
INFO: [Synth 8-3491] module 'CarryBlock' declared at 'D:/Zybo_CSA_CLA/Zybo_CSA_CLA.srcs/sources_1/new/CarryBlock.vhd:6' bound to instance 'bit1CarryBlock' of component 'CarryBlock' [D:/Zybo_CSA_CLA/Zybo_CSA_CLA.srcs/sources_1/new/carryLookaheadAdder.vhd:38]
INFO: [Synth 8-638] synthesizing module 'CarryBlock__parameterized1' [D:/Zybo_CSA_CLA/Zybo_CSA_CLA.srcs/sources_1/new/CarryBlock.vhd:14]
	Parameter data_width bound to: 2 - type: integer 
INFO: [Synth 8-256] done synthesizing module 'CarryBlock__parameterized1' (0#1) [D:/Zybo_CSA_CLA/Zybo_CSA_CLA.srcs/sources_1/new/CarryBlock.vhd:14]
INFO: [Synth 8-256] done synthesizing module 'carryLookaheadAdder' (0#1) [D:/Zybo_CSA_CLA/Zybo_CSA_CLA.srcs/sources_1/new/carryLookaheadAdder.vhd:14]
INFO: [Synth 8-3491] module 'carryLookaheadAdder' declared at 'D:/Zybo_CSA_CLA/Zybo_CSA_CLA.srcs/sources_1/new/carryLookaheadAdder.vhd:6' bound to instance 'cla1' of component 'carryLookaheadAdder' [D:/Zybo_CSA_CLA/Zybo_CSA_CLA.srcs/sources_1/new/CSA_CLA.vhd:64]
INFO: [Synth 8-3491] module 'carryLookaheadAdder' declared at 'D:/Zybo_CSA_CLA/Zybo_CSA_CLA.srcs/sources_1/new/carryLookaheadAdder.vhd:6' bound to instance 'cla2' of component 'carryLookaheadAdder' [D:/Zybo_CSA_CLA/Zybo_CSA_CLA.srcs/sources_1/new/CSA_CLA.vhd:71]
INFO: [Synth 8-256] done synthesizing module 'CSA_CLA' (0#1) [D:/Zybo_CSA_CLA/Zybo_CSA_CLA.srcs/sources_1/new/CSA_CLA.vhd:43]
---------------------------------------------------------------------------------
Finished Synthesize : Time (s): cpu = 00:00:03 ; elapsed = 00:00:09 . Memory (MB): peak = 1087.793 ; gain = 558.094
---------------------------------------------------------------------------------
---------------------------------------------------------------------------------
Finished Constraint Validation : Time (s): cpu = 00:00:04 ; elapsed = 00:00:10 . Memory (MB): peak = 1087.793 ; gain = 558.094
---------------------------------------------------------------------------------
---------------------------------------------------------------------------------
Start Loading Part and Timing Information
---------------------------------------------------------------------------------
Loading part: xc7z020clg400-1
---------------------------------------------------------------------------------
Finished Loading Part and Timing Information : Time (s): cpu = 00:00:04 ; elapsed = 00:00:10 . Memory (MB): peak = 1087.793 ; gain = 558.094
---------------------------------------------------------------------------------
INFO: [Device 21-403] Loading part xc7z020clg400-1
---------------------------------------------------------------------------------
Finished RTL Optimization Phase 2 : Time (s): cpu = 00:00:04 ; elapsed = 00:00:10 . Memory (MB): peak = 1087.793 ; gain = 558.094
---------------------------------------------------------------------------------
No constraint files found.
---------------------------------------------------------------------------------
Start RTL Component Statistics 
---------------------------------------------------------------------------------
Detailed RTL Component Info : 
+---XORs : 
	   3 Input      1 Bit         XORs := 6     
	   2 Input      1 Bit         XORs := 9     
+---Muxes : 
	   2 Input    2 Bit        Muxes := 1     
	   2 Input    1 Bit        Muxes := 1     
---------------------------------------------------------------------------------
Finished RTL Component Statistics 
---------------------------------------------------------------------------------
---------------------------------------------------------------------------------
Start Part Resource Summary
---------------------------------------------------------------------------------
INFO: [Device 21-9227] Part: xc7z020clg400-1 does not have CEAM library.
Part Resources:
DSPs: 220 (col length:60)
BRAMs: 280 (col length: RAMB18 60 RAMB36 30)
---------------------------------------------------------------------------------
Finished Part Resource Summary
---------------------------------------------------------------------------------
No constraint files found.
---------------------------------------------------------------------------------
Start Cross Boundary and Area Optimization
---------------------------------------------------------------------------------
WARNING: [Synth 8-7080] Parallel synthesis criteria is not met
---------------------------------------------------------------------------------
Finished Cross Boundary and Area Optimization : Time (s): cpu = 00:00:07 ; elapsed = 00:00:26 . Memory (MB): peak = 1306.148 ; gain = 776.449
---------------------------------------------------------------------------------
No constraint files found.
---------------------------------------------------------------------------------
Start Timing Optimization
---------------------------------------------------------------------------------
---------------------------------------------------------------------------------
Finished Timing Optimization : Time (s): cpu = 00:00:07 ; elapsed = 00:00:26 . Memory (MB): peak = 1306.148 ; gain = 776.449
---------------------------------------------------------------------------------
---------------------------------------------------------------------------------
Start Technology Mapping
---------------------------------------------------------------------------------
---------------------------------------------------------------------------------
Finished Technology Mapping : Time (s): cpu = 00:00:07 ; elapsed = 00:00:26 . Memory (MB): peak = 1306.148 ; gain = 776.449
---------------------------------------------------------------------------------
---------------------------------------------------------------------------------
Start IO Insertion
---------------------------------------------------------------------------------
---------------------------------------------------------------------------------
Start Flattening Before IO Insertion
---------------------------------------------------------------------------------
---------------------------------------------------------------------------------
Finished Flattening Before IO Insertion
---------------------------------------------------------------------------------
---------------------------------------------------------------------------------
Start Final Netlist Cleanup
---------------------------------------------------------------------------------
---------------------------------------------------------------------------------
Finished Final Netlist Cleanup
---------------------------------------------------------------------------------
---------------------------------------------------------------------------------
Finished IO Insertion : Time (s): cpu = 00:00:10 ; elapsed = 00:00:31 . Memory (MB): peak = 1306.148 ; gain = 776.449
---------------------------------------------------------------------------------
---------------------------------------------------------------------------------
Start Renaming Generated Instances
---------------------------------------------------------------------------------
---------------------------------------------------------------------------------
Finished Renaming Generated Instances : Time (s): cpu = 00:00:10 ; elapsed = 00:00:31 . Memory (MB): peak = 1306.148 ; gain = 776.449
---------------------------------------------------------------------------------
---------------------------------------------------------------------------------
Start Rebuilding User Hierarchy
---------------------------------------------------------------------------------
---------------------------------------------------------------------------------
Finished Rebuilding User Hierarchy : Time (s): cpu = 00:00:10 ; elapsed = 00:00:31 . Memory (MB): peak = 1306.148 ; gain = 776.449
---------------------------------------------------------------------------------
---------------------------------------------------------------------------------
Start Renaming Generated Ports
---------------------------------------------------------------------------------
---------------------------------------------------------------------------------
Finished Renaming Generated Ports : Time (s): cpu = 00:00:10 ; elapsed = 00:00:31 . Memory (MB): peak = 1306.148 ; gain = 776.449
---------------------------------------------------------------------------------
---------------------------------------------------------------------------------
Start Handling Custom Attributes
---------------------------------------------------------------------------------
---------------------------------------------------------------------------------
Finished Handling Custom Attributes : Time (s): cpu = 00:00:10 ; elapsed = 00:00:31 . Memory (MB): peak = 1306.148 ; gain = 776.449
---------------------------------------------------------------------------------
---------------------------------------------------------------------------------
Start Renaming Generated Nets
---------------------------------------------------------------------------------
---------------------------------------------------------------------------------
Finished Renaming Generated Nets : Time (s): cpu = 00:00:10 ; elapsed = 00:00:31 . Memory (MB): peak = 1306.148 ; gain = 776.449
---------------------------------------------------------------------------------
---------------------------------------------------------------------------------
Start Writing Synthesis Report
---------------------------------------------------------------------------------

Report BlackBoxes: 
+-+--------------+----------+
| |BlackBox name |Instances |
+-+--------------+----------+
+-+--------------+----------+

Report Cell Usage: 
+------+-----+------+
|      |Cell |Count |
+------+-----+------+
|1     |LUT3 |     2|
|2     |LUT5 |     4|
|3     |IBUF |     9|
|4     |OBUF |     5|
+------+-----+------+

Report Instance Areas: 
+------+---------+-------+------+
|      |Instance |Module |Cells |
+------+---------+-------+------+
|1     |top      |       |    20|
+------+---------+-------+------+
---------------------------------------------------------------------------------
Finished Writing Synthesis Report : Time (s): cpu = 00:00:10 ; elapsed = 00:00:31 . Memory (MB): peak = 1306.148 ; gain = 776.449
---------------------------------------------------------------------------------
Synthesis finished with 0 errors, 0 critical warnings and 1 warnings.
Synthesis Optimization Runtime : Time (s): cpu = 00:00:10 ; elapsed = 00:00:31 . Memory (MB): peak = 1306.148 ; gain = 776.449
Synthesis Optimization Complete : Time (s): cpu = 00:00:10 ; elapsed = 00:00:31 . Memory (MB): peak = 1306.148 ; gain = 776.449
INFO: [Project 1-571] Translating synthesized netlist
Netlist sorting complete. Time (s): cpu = 00:00:00 ; elapsed = 00:00:00.001 . Memory (MB): peak = 1309.980 ; gain = 0.000
INFO: [Project 1-570] Preparing netlist for logic optimization
INFO: [Opt 31-138] Pushed 0 inverter(s) to 0 load pin(s).
Netlist sorting complete. Time (s): cpu = 00:00:00 ; elapsed = 00:00:00 . Memory (MB): peak = 1414.238 ; gain = 0.000
INFO: [Project 1-111] Unisim Transformation Summary:
No Unisim elements were transformed.

Synth Design complete | Checksum: 43340a48
INFO: [Common 17-83] Releasing license: Synthesis
32 Infos, 1 Warnings, 0 Critical Warnings and 0 Errors encountered.
synth_design completed successfully
synth_design: Time (s): cpu = 00:00:11 ; elapsed = 00:00:34 . Memory (MB): peak = 1414.238 ; gain = 890.840
Write ShapeDB Complete: Time (s): cpu = 00:00:00 ; elapsed = 00:00:00.007 . Memory (MB): peak = 1414.238 ; gain = 0.000
INFO: [Common 17-1381] The checkpoint 'D:/Zybo_CSA_CLA/Zybo_CSA_CLA.runs/synth_1/CSA_CLA.dcp' has been generated.
INFO: [Vivado 12-24828] Executing command : report_utilization -file CSA_CLA_utilization_synth.rpt -pb CSA_CLA_utilization_synth.pb
INFO: [Common 17-206] Exiting Vivado at Mon Nov  4 15:44:01 2024...
